-------------------------------------------------------------------------------
Test set: runners.Runner
-------------------------------------------------------------------------------
Tests run: 6, Failures: 2, Errors: 0, Skipped: 0, Time elapsed: 46.099 s <<< FAILURE! - in runners.Runner
Validate Wiki search(Wiki Search Functionality)  Time elapsed: 7.368 s  <<< FAILURE!
java.lang.AssertionError

Validate Wiki search(Wiki Search Functionality)  Time elapsed: 7.189 s  <<< FAILURE!
java.lang.AssertionError

